[2022/11/25 16:24:36] error : Could not connect to any servers in your MongoDB Atlas cluster. One common reason is that you're trying to access the database from an IP that isn't whitelisted. Make sure your current IP address is on your Atlas cluster's IP whitelist: https://docs.atlas.mongodb.com/security-whitelist/
[2022/11/25 16:31:39] error : Could not connect to any servers in your MongoDB Atlas cluster. One common reason is that you're trying to access the database from an IP that isn't whitelisted. Make sure your current IP address is on your Atlas cluster's IP whitelist: https://docs.atlas.mongodb.com/security-whitelist/
[2022/11/25 16:32:41] error : Could not connect to any servers in your MongoDB Atlas cluster. One common reason is that you're trying to access the database from an IP that isn't whitelisted. Make sure your current IP address is on your Atlas cluster's IP whitelist: https://docs.atlas.mongodb.com/security-whitelist/
[2022/11/25 16:33:46] error : Could not connect to any servers in your MongoDB Atlas cluster. One common reason is that you're trying to access the database from an IP that isn't whitelisted. Make sure your current IP address is on your Atlas cluster's IP whitelist: https://docs.atlas.mongodb.com/security-whitelist/
[2022/11/25 16:38:03] error : Could not connect to any servers in your MongoDB Atlas cluster. One common reason is that you're trying to access the database from an IP that isn't whitelisted. Make sure your current IP address is on your Atlas cluster's IP whitelist: https://docs.atlas.mongodb.com/security-whitelist/
[2022/11/25 16:39:07] error : Could not connect to any servers in your MongoDB Atlas cluster. One common reason is that you're trying to access the database from an IP that isn't whitelisted. Make sure your current IP address is on your Atlas cluster's IP whitelist: https://docs.atlas.mongodb.com/security-whitelist/
[2022/11/25 16:42:45] error : Could not connect to any servers in your MongoDB Atlas cluster. One common reason is that you're trying to access the database from an IP that isn't whitelisted. Make sure your current IP address is on your Atlas cluster's IP whitelist: https://docs.atlas.mongodb.com/security-whitelist/
[2022/11/25 16:45:20] error : Could not connect to any servers in your MongoDB Atlas cluster. One common reason is that you're trying to access the database from an IP that isn't whitelisted. Make sure your current IP address is on your Atlas cluster's IP whitelist: https://docs.atlas.mongodb.com/security-whitelist/
[2022/11/25 16:46:12] error : Could not connect to any servers in your MongoDB Atlas cluster. One common reason is that you're trying to access the database from an IP that isn't whitelisted. Make sure your current IP address is on your Atlas cluster's IP whitelist: https://docs.atlas.mongodb.com/security-whitelist/
[2022/11/25 16:46:48] error : Could not connect to any servers in your MongoDB Atlas cluster. One common reason is that you're trying to access the database from an IP that isn't whitelisted. Make sure your current IP address is on your Atlas cluster's IP whitelist: https://docs.atlas.mongodb.com/security-whitelist/
[2022/11/25 16:48:06] error : Could not connect to any servers in your MongoDB Atlas cluster. One common reason is that you're trying to access the database from an IP that isn't whitelisted. Make sure your current IP address is on your Atlas cluster's IP whitelist: https://docs.atlas.mongodb.com/security-whitelist/
[2022/11/25 16:49:10] error : Could not connect to any servers in your MongoDB Atlas cluster. One common reason is that you're trying to access the database from an IP that isn't whitelisted. Make sure your current IP address is on your Atlas cluster's IP whitelist: https://docs.atlas.mongodb.com/security-whitelist/
[2022/11/25 16:50:48] error : Could not connect to any servers in your MongoDB Atlas cluster. One common reason is that you're trying to access the database from an IP that isn't whitelisted. Make sure your current IP address is on your Atlas cluster's IP whitelist: https://docs.atlas.mongodb.com/security-whitelist/
[2022/11/25 16:52:10] error : Could not connect to any servers in your MongoDB Atlas cluster. One common reason is that you're trying to access the database from an IP that isn't whitelisted. Make sure your current IP address is on your Atlas cluster's IP whitelist: https://docs.atlas.mongodb.com/security-whitelist/
[2022/11/25 16:53:02] error : Could not connect to any servers in your MongoDB Atlas cluster. One common reason is that you're trying to access the database from an IP that isn't whitelisted. Make sure your current IP address is on your Atlas cluster's IP whitelist: https://docs.atlas.mongodb.com/security-whitelist/
[2022/11/25 16:53:43] error : Could not connect to any servers in your MongoDB Atlas cluster. One common reason is that you're trying to access the database from an IP that isn't whitelisted. Make sure your current IP address is on your Atlas cluster's IP whitelist: https://docs.atlas.mongodb.com/security-whitelist/
[2022/11/25 16:54:41] error : Could not connect to any servers in your MongoDB Atlas cluster. One common reason is that you're trying to access the database from an IP that isn't whitelisted. Make sure your current IP address is on your Atlas cluster's IP whitelist: https://docs.atlas.mongodb.com/security-whitelist/
[2022/11/25 16:56:49] error : Could not connect to any servers in your MongoDB Atlas cluster. One common reason is that you're trying to access the database from an IP that isn't whitelisted. Make sure your current IP address is on your Atlas cluster's IP whitelist: https://docs.atlas.mongodb.com/security-whitelist/
[2022/11/25 16:58:14] error : Could not connect to any servers in your MongoDB Atlas cluster. One common reason is that you're trying to access the database from an IP that isn't whitelisted. Make sure your current IP address is on your Atlas cluster's IP whitelist: https://docs.atlas.mongodb.com/security-whitelist/
[2022/11/25 16:59:09] error : Could not connect to any servers in your MongoDB Atlas cluster. One common reason is that you're trying to access the database from an IP that isn't whitelisted. Make sure your current IP address is on your Atlas cluster's IP whitelist: https://docs.atlas.mongodb.com/security-whitelist/
[2022/11/25 17:10:53] error : Could not connect to any servers in your MongoDB Atlas cluster. One common reason is that you're trying to access the database from an IP that isn't whitelisted. Make sure your current IP address is on your Atlas cluster's IP whitelist: https://docs.atlas.mongodb.com/security-whitelist/
[2022/11/25 17:11:10] info : mongo db connection sucess
[2022/11/25 17:15:05] info : mongo db connection sucess
[2022/11/25 17:15:08] info : mongo db connection sucess
[2022/11/25 17:16:22] info : mongo db connection sucess
[2022/11/25 17:17:04] info : mongo db connection sucess
[2022/11/25 17:18:06] info : mongo db connection sucess
[2022/11/25 17:18:23] info : mongo db connection sucess
[2022/11/25 17:18:32] info : mongo db connection sucess
[2022/11/25 17:28:18] info : mongo db connection sucess
[2022/11/25 17:32:43] info : mongo db connection sucess
[2022/11/25 17:36:00] info : mongo db connection sucess
[2022/11/25 17:37:50] info : mongo db connection sucess
[2022/11/25 17:40:11] info : mongo db connection sucess
[2022/11/25 17:40:48] info : mongo db connection sucess
[2022/11/25 17:41:29] info : mongo db connection sucess
[2022/11/25 17:42:54] info : mongo db connection sucess
[2022/11/25 17:45:01] info : mongo db connection sucess
[2022/11/25 17:46:14] info : mongo db connection sucess
[2022/11/25 17:46:41] info : mongo db connection sucess
[2022/11/25 17:53:19] info : mongo db connection sucess
[2022/11/25 17:54:06] info : mongo db connection sucess
[2022/11/25 17:54:25] info : mongo db connection sucess
[2022/11/25 17:54:46] info : mongo db connection sucess
[2022/11/25 17:54:49] info : Processing Method `/todo/todo.controller -> add new todo`
[2022/11/25 17:55:36] info : mongo db connection sucess
[2022/11/25 17:55:56] info : mongo db connection sucess
[2022/11/25 17:55:59] info : Processing Method `/todo/todo.controller -> add new todo`
[2022/11/25 17:56:12] info : Processing Method `/todo/todo.controller -> add new todo`
[2022/11/25 17:56:33] info : mongo db connection sucess
[2022/11/25 17:57:45] info : Processing Method `/todo/todo.controller -> add new todo`
[2022/11/25 17:58:38] info : mongo db connection sucess
[2022/11/25 17:58:43] info : Processing Method `/todo/todo.controller -> add new todo`
[2022/11/25 18:03:14] info : mongo db connection sucess
[2022/11/25 18:03:51] info : mongo db connection sucess
[2022/11/25 18:03:57] info : Processing Method `/todo/todo.controller -> add new todo`
[2022/11/25 18:04:39] info : mongo db connection sucess
[2022/11/25 18:05:03] info : mongo db connection sucess
[2022/11/25 18:06:10] info : Processing Method `/todo/todo.controller -> add new todo`
[2022/11/25 18:07:06] info : mongo db connection sucess
[2022/11/25 18:07:12] info : Processing Method `/todo/todo.controller -> add new todo`
[2022/11/25 18:09:09] info : mongo db connection sucess
[2022/11/25 18:10:13] info : mongo db connection sucess
[2022/11/25 18:10:27] info : mongo db connection sucess
[2022/11/25 18:11:08] info : mongo db connection sucess
[2022/11/25 18:12:51] info : mongo db connection sucess
[2022/11/25 18:18:51] info : mongo db connection sucess
[2022/11/25 18:18:59] info : mongo db connection sucess
[2022/11/25 18:19:11] info : Processing Method `/todo/todo.controller -> add new todo`
[2022/11/25 18:19:11] error : undefined
[2022/11/25 18:19:38] info : mongo db connection sucess
[2022/11/25 18:19:44] info : Processing Method `/todo/todo.controller -> add new todo`
[2022/11/25 18:19:44] error : undefined
[2022/11/25 18:20:29] info : mongo db connection sucess
[2022/11/25 18:20:45] info : mongo db connection sucess
[2022/11/25 18:20:50] info : Processing Method `/todo/todo.controller -> add new todo`
[2022/11/25 18:23:44] info : mongo db connection sucess
[2022/11/25 18:23:51] info : mongo db connection sucess
[2022/11/25 18:23:59] info : mongo db connection sucess
[2022/11/25 18:24:08] info : Processing Method `/todo/todo.controller -> add new todo`
[2022/11/25 18:24:08] error : undefined
[2022/11/25 18:25:29] info : mongo db connection sucess
[2022/11/25 18:25:42] info : Processing Method `/todo/todo.controller -> add new todo`
[2022/11/25 18:25:54] info : Processing Method `/todo/todo.controller -> add new todo`
[2022/11/25 18:26:32] info : mongo db connection sucess
[2022/11/25 18:26:39] info : Processing Method `/todo/todo.controller -> add new todo`
[2022/11/25 18:27:16] info : mongo db connection sucess
[2022/11/25 18:27:18] info : Processing Method `/todo/todo.controller -> add new todo`
[2022/11/25 18:27:45] info : mongo db connection sucess
[2022/11/25 18:27:49] info : mongo db connection sucess
[2022/11/25 18:27:55] info : Processing Method `/todo/todo.controller -> add new todo`
[2022/11/25 18:28:20] info : mongo db connection sucess
[2022/11/25 18:28:21] info : Processing Method `/todo/todo.controller -> add new todo`
[2022/11/25 18:29:54] info : mongo db connection sucess
[2022/11/25 18:29:57] info : Processing Method `/todo/todo.controller -> add new todo`
[2022/11/25 18:36:36] info : mongo db connection sucess
[2022/11/25 18:36:53] info : Processing Method `/todo/todo.controller -> add new todo`
[2022/11/25 18:36:53] error : undefined
[2022/11/25 18:38:28] info : mongo db connection sucess
[2022/11/25 18:38:31] info : Processing Method `/todo/todo.controller -> add new todo`
[2022/11/25 18:38:31] error : undefined
[2022/11/25 18:38:49] info : mongo db connection sucess
[2022/11/25 18:38:52] info : Processing Method `/todo/todo.controller -> add new todo`
[2022/11/25 18:44:00] info : mongo db connection sucess
[2022/11/25 18:44:04] info : Processing Method `/todo/todo.controller -> add new todo`
[2022/11/25 18:46:54] info : mongo db connection sucess
[2022/11/25 18:46:56] info : Processing Method `/todo/todo.controller -> add new todo`
[2022/11/25 18:48:16] info : mongo db connection sucess
[2022/11/25 18:48:24] info : mongo db connection sucess
[2022/11/25 18:48:30] info : Processing Method `/todo/todo.controller -> add new todo`
[2022/11/25 18:49:41] info : mongo db connection sucess
[2022/11/25 18:50:13] info : mongo db connection sucess
[2022/11/25 18:50:14] info : Processing Method `/todo/todo.controller -> add new todo`
[2022/11/25 18:50:55] info : mongo db connection sucess
[2022/11/25 18:50:58] info : mongo db connection sucess
[2022/11/25 18:50:59] info : Processing Method `/todo/todo.controller -> add new todo`
[2022/11/25 18:56:29] info : mongo db connection sucess
[2022/11/25 18:56:32] info : Processing Method `/todo/todo.controller -> add new todo`
[2022/11/25 18:58:02] info : mongo db connection sucess
[2022/11/25 18:58:03] info : Processing Method `/todo/todo.controller -> add new todo`
[2022/11/25 18:58:38] info : mongo db connection sucess
[2022/11/25 19:01:35] info : mongo db connection sucess
[2022/11/25 19:01:43] info : mongo db connection sucess
[2022/11/25 19:03:42] info : mongo db connection sucess
[2022/11/25 19:04:20] info : mongo db connection sucess
[2022/11/25 19:04:27] info : mongo db connection sucess
[2022/11/25 19:04:53] info : Processing Method `/todo/todo.controller -> add new todo`
[2022/11/25 19:06:40] info : mongo db connection sucess
[2022/11/25 19:06:41] info : Processing Method `/todo/todo.controller -> add new todo`
[2022/11/25 19:07:06] info : mongo db connection sucess
[2022/11/25 19:07:16] info : Processing Method `/todo/todo.controller -> add new todo`
[2022/11/25 19:08:03] info : mongo db connection sucess
[2022/11/25 19:08:06] info : Processing Method `/todo/todo.controller -> add new todo`
[2022/11/25 19:09:11] info : mongo db connection sucess
[2022/11/25 19:09:11] info : Processing Method `/todo/todo.controller -> add new todo`
[2022/11/25 19:09:34] info : mongo db connection sucess
[2022/11/25 19:09:35] info : Processing Method `/todo/todo.controller -> add new todo`
[2022/11/25 19:10:04] info : mongo db connection sucess
[2022/11/25 19:10:06] info : Processing Method `/todo/todo.controller -> add new todo`
[2022/11/25 19:11:58] info : Processing Method `/todo/todo.controller -> add new todo`
[2022/11/25 19:24:03] info : Processing Method `/todo/todo.controller -> add new todo`
[2022/11/25 19:28:35] info : mongo db connection sucess
[2022/11/25 19:29:20] info : mongo db connection sucess
[2022/11/25 19:29:31] info : mongo db connection sucess
[2022/11/25 19:30:23] info : mongo db connection sucess
[2022/11/25 19:30:47] info : mongo db connection sucess
[2022/11/25 19:32:42] info : mongo db connection sucess
[2022/11/25 19:34:23] info : mongo db connection sucess
[2022/11/25 19:34:44] info : mongo db connection sucess
[2022/11/25 19:34:49] info : mongo db connection sucess
[2022/11/25 19:35:21] info : mongo db connection sucess
[2022/11/25 19:37:37] info : mongo db connection sucess
[2022/11/25 19:40:10] info : mongo db connection sucess
[2022/11/25 19:44:10] info : mongo db connection sucess
[2022/11/25 19:44:37] info : mongo db connection sucess
[2022/11/25 19:44:47] info : mongo db connection sucess
[2022/11/25 19:44:57] info : mongo db connection sucess
[2022/11/25 19:45:16] info : mongo db connection sucess
[2022/11/25 19:45:26] info : mongo db connection sucess
[2022/11/25 19:45:58] info : mongo db connection sucess
[2022/11/25 19:46:31] info : Processing Method `/todo/todo.controller -> add new todo`
[2022/11/25 19:47:10] info : mongo db connection sucess
[2022/11/25 19:47:12] info : Processing Method `/todo/todo.controller -> update todo`
[2022/11/25 19:48:16] info : mongo db connection sucess
[2022/11/25 19:48:23] info : Processing Method `/todo/todo.controller -> update todo`
[2022/11/25 19:48:29] info : Processing Method `/todo/todo.controller -> update todo`
[2022/11/25 19:50:40] error : undefined
[2022/11/25 19:50:52] info : mongo db connection sucess
[2022/11/25 19:50:52] info : Processing Method `/todo/todo.controller -> update todo`
[2022/11/25 19:50:55] info : Processing Method `/todo/todo.controller -> update todo`
[2022/11/25 19:50:57] info : Processing Method `/todo/todo.controller -> update todo`
[2022/11/25 19:50:59] info : Processing Method `/todo/todo.controller -> update todo`
[2022/11/25 19:51:00] info : Processing Method `/todo/todo.controller -> update todo`
[2022/11/25 19:51:09] info : Processing Method `/todo/todo.controller -> update todo`
[2022/11/25 20:01:13] info : Processing Method `/todo/todo.controller -> update todo`
[2022/11/25 20:04:18] info : Processing Method `/todo/todo.controller -> update todo`
[2022/11/25 20:04:20] info : Processing Method `/todo/todo.controller -> update todo`
[2022/11/25 20:05:50] info : mongo db connection sucess
[2022/11/25 20:08:47] info : mongo db connection sucess
[2022/11/25 20:08:50] info : mongo db connection sucess
[2022/11/25 20:08:54] info : mongo db connection sucess
[2022/11/25 20:09:40] info : mongo db connection sucess
[2022/11/25 20:09:45] info : mongo db connection sucess
[2022/11/25 20:09:55] info : mongo db connection sucess
[2022/11/25 20:11:36] info : mongo db connection sucess
[2022/11/25 20:12:26] info : Processing Method `/todo/todo.controller -> add new todo`
[2022/11/25 20:12:26] info : Processing Method `/todo/todo.controller -> add new todo`
[2022/11/25 20:14:24] info : mongo db connection sucess
[2022/11/25 20:16:55] info : Processing Method `/todo/todo.controller -> add new todo`
[2022/11/25 20:16:55] info : Processing Method `/todo/todo.controller -> add new todo`
[2022/11/25 20:17:19] info : Processing Method `/todo/todo.controller -> add new todo`
[2022/11/25 20:17:19] info : Processing Method `/todo/todo.controller -> add new todo`
[2022/11/25 20:17:32] info : Processing Method `/todo/todo.controller -> add new todo`
[2022/11/25 20:17:32] info : Processing Method `/todo/todo.controller -> add new todo`
[2022/11/25 20:17:37] info : Processing Method `/todo/todo.controller -> add new todo`
[2022/11/25 20:17:37] info : Processing Method `/todo/todo.controller -> add new todo`
[2022/11/25 20:17:40] info : Processing Method `/todo/todo.controller -> add new todo`
[2022/11/25 20:17:40] info : Processing Method `/todo/todo.controller -> add new todo`
[2022/11/25 20:17:46] info : Processing Method `/todo/todo.controller -> add new todo`
[2022/11/25 20:17:46] info : Processing Method `/todo/todo.controller -> add new todo`
[2022/11/25 20:18:10] info : Processing Method `/todo/todo.controller -> update todo`
[2022/11/25 20:18:14] info : Processing Method `/todo/todo.controller -> update todo`
[2022/11/25 20:18:22] info : Processing Method `/todo/todo.controller -> add new todo`
[2022/11/25 20:18:22] info : Processing Method `/todo/todo.controller -> add new todo`
[2022/11/25 20:19:12] info : Processing Method `/todo/todo.controller -> add new todo`
[2022/11/25 20:19:12] info : Processing Method `/todo/todo.controller -> add new todo`
[2022/11/25 20:21:50] info : mongo db connection sucess
[2022/11/25 20:22:54] info : mongo db connection sucess
[2022/11/25 20:23:53] info : mongo db connection sucess
[2022/11/25 20:23:55] info : Processing Method `/todo/todo.controller -> add new todo`
[2022/11/25 20:23:55] info : Processing Method `/todo/todo.controller -> add new todo`
[2022/11/25 20:30:50] info : Processing Method `/todo/todo.controller -> add new todo`
[2022/11/25 20:30:50] info : Processing Method `/todo/todo.controller -> add new todo`
